[2026-05-18 07:27:53,675: INFO: main: welcome to our custom log]
[2026-05-18 12:04:40,051: INFO: common: yaml file: config\config.yaml loaded successfully]
[2026-05-18 12:04:40,075: INFO: common: yaml file: params.yaml loaded successfully]
[2026-05-18 12:04:40,095: INFO: common: created directory at: artifacts]
[2026-05-18 12:04:40,101: INFO: common: created directory at: artifacts/data_ingestion]
[2026-05-18 12:04:40,105: INFO: 170364457: Downloading data from https://drive.google.com/file/d/1vlhZ5c7abUKF8xXERIw6m9Te8fW7ohw3/view?usp=sharing into file artifacts/data_ingestion/data.zip]
[2026-05-18 12:04:55,548: INFO: 170364457: Downloaded data from https://drive.google.com/file/d/1vlhZ5c7abUKF8xXERIw6m9Te8fW7ohw3/view?usp=sharing into file artifacts/data_ingestion/data.zip]
[2026-05-18 13:38:16,477: INFO: main: >>>>>> stage Data Ingestion stage started <<<<<<]
[2026-05-18 13:38:16,477: INFO: common: yaml file: config\config.yaml loaded successfully]
[2026-05-18 13:38:16,477: INFO: common: yaml file: params.yaml loaded successfully]
[2026-05-18 13:38:16,491: INFO: common: created directory at: artifacts]
[2026-05-18 13:38:16,495: INFO: common: created directory at: artifacts/data_ingestion]
[2026-05-18 13:38:16,497: INFO: data_ingestion: Downloading data from https://drive.google.com/file/d/1vlhZ5c7abUKF8xXERIw6m9Te8fW7ohw3/view?usp=sharing into file artifacts/data_ingestion/data.zip]
[2026-05-18 13:38:31,377: INFO: data_ingestion: Downloaded data from https://drive.google.com/file/d/1vlhZ5c7abUKF8xXERIw6m9Te8fW7ohw3/view?usp=sharing into file artifacts/data_ingestion/data.zip]
[2026-05-18 13:38:33,113: INFO: main: >>>>>> stage Data Ingestion stage completed <<<<<<

x==========x]
[2026-05-18 17:04:09,327: INFO: common: yaml file: config\config.yaml loaded successfully]
[2026-05-18 17:04:09,355: INFO: common: yaml file: params.yaml loaded successfully]
[2026-05-18 17:04:09,378: INFO: common: created directory at: artifacts]
[2026-05-18 17:06:33,159: INFO: common: yaml file: config\config.yaml loaded successfully]
[2026-05-18 17:06:33,168: INFO: common: yaml file: params.yaml loaded successfully]
[2026-05-18 17:06:33,175: INFO: common: created directory at: artifacts]
[2026-05-18 17:06:34,854: INFO: common: yaml file: config\config.yaml loaded successfully]
[2026-05-18 17:06:34,865: INFO: common: yaml file: params.yaml loaded successfully]
[2026-05-18 17:06:34,873: INFO: common: created directory at: artifacts]
[2026-05-18 17:06:36,075: INFO: common: yaml file: config\config.yaml loaded successfully]
[2026-05-18 17:06:36,083: INFO: common: yaml file: params.yaml loaded successfully]
[2026-05-18 17:06:36,086: INFO: common: created directory at: artifacts]
[2026-05-18 17:07:46,179: INFO: common: yaml file: config\config.yaml loaded successfully]
[2026-05-18 17:07:46,188: INFO: common: yaml file: params.yaml loaded successfully]
[2026-05-18 17:07:46,192: INFO: common: created directory at: artifacts]
[2026-05-18 17:07:47,648: INFO: common: yaml file: config\config.yaml loaded successfully]
[2026-05-18 17:07:47,658: INFO: common: yaml file: params.yaml loaded successfully]
[2026-05-18 17:07:47,662: INFO: common: created directory at: artifacts]
[2026-05-18 17:10:25,929: INFO: common: yaml file: config\config.yaml loaded successfully]
[2026-05-18 17:10:25,950: INFO: common: yaml file: params.yaml loaded successfully]
[2026-05-18 17:10:25,954: INFO: common: created directory at: artifacts]
[2026-05-18 17:29:08,348: INFO: main: >>>>>> stage Data Ingestion stage started <<<<<<]
[2026-05-18 17:29:08,359: INFO: common: yaml file: C:\DL Proj\kidney-disease-classification-deeplearning\config\config.yaml loaded successfully]
[2026-05-18 17:29:08,365: INFO: common: yaml file: params.yaml loaded successfully]
[2026-05-18 17:29:08,365: INFO: common: created directory at: artifacts]
[2026-05-18 17:29:08,369: INFO: common: created directory at: artifacts/data_ingestion]
[2026-05-18 17:29:08,371: INFO: data_ingestion: Downloading data from https://drive.google.com/file/d/1vlhZ5c7abUKF8xXERIw6m9Te8fW7ohw3/view?usp=sharing into file artifacts/data_ingestion/data.zip]
[2026-05-18 17:29:24,676: INFO: data_ingestion: Downloaded data from https://drive.google.com/file/d/1vlhZ5c7abUKF8xXERIw6m9Te8fW7ohw3/view?usp=sharing into file artifacts/data_ingestion/data.zip]
[2026-05-18 17:29:26,413: INFO: main: >>>>>> stage Data Ingestion stage completed <<<<<<

x==========x]
[2026-05-18 18:03:56,537: INFO: main: >>>>>> stage Data Ingestion stage started <<<<<<]
[2026-05-18 18:03:56,557: INFO: common: yaml file: config\config.yaml loaded successfully]
[2026-05-18 18:03:56,564: INFO: common: yaml file: params.yaml loaded successfully]
[2026-05-18 18:03:56,574: INFO: common: created directory at: artifacts]
[2026-05-18 18:03:56,577: INFO: common: created directory at: artifacts/data_ingestion]
[2026-05-18 18:03:56,583: INFO: data_ingestion: Downloading data from https://drive.google.com/file/d/1vlhZ5c7abUKF8xXERIw6m9Te8fW7ohw3/view?usp=sharing into file artifacts/data_ingestion/data.zip]
[2026-05-18 18:04:12,002: INFO: data_ingestion: Downloaded data from https://drive.google.com/file/d/1vlhZ5c7abUKF8xXERIw6m9Te8fW7ohw3/view?usp=sharing into file artifacts/data_ingestion/data.zip]
[2026-05-18 18:04:13,740: INFO: main: >>>>>> stage Data Ingestion stage completed <<<<<<

x==========x]
[2026-05-18 18:04:13,740: INFO: main: *******************]
[2026-05-18 18:04:13,740: INFO: main: >>>>>> stage Prepare base model started <<<<<<]
[2026-05-18 18:04:13,746: INFO: common: yaml file: config\config.yaml loaded successfully]
[2026-05-18 18:04:13,750: INFO: common: yaml file: params.yaml loaded successfully]
[2026-05-18 18:04:13,750: INFO: common: created directory at: artifacts]
[2026-05-18 18:04:13,750: INFO: common: created directory at: artifacts/prepare_base_model]
[2026-05-18 18:04:29,584: WARNING: saving_utils: Compiled the loaded model, but the compiled metrics have yet to be built. `model.compile_metrics` will be empty until you train or evaluate the model.]
[2026-05-18 18:04:30,199: INFO: main: >>>>>> stage Prepare base model completed <<<<<<

x==========x]
[2026-05-18 20:44:45,932: INFO: common: yaml file: config\config.yaml loaded successfully]
[2026-05-18 20:44:45,968: INFO: common: yaml file: params.yaml loaded successfully]
[2026-05-18 20:44:45,982: INFO: common: created directory at: artifacts]
[2026-05-18 20:44:45,997: INFO: common: created directory at: artifacts\training]
[2026-05-18 21:01:12,909: INFO: main: >>>>>> stage Data Ingestion stage started <<<<<<]
[2026-05-18 21:01:12,909: INFO: common: yaml file: config\config.yaml loaded successfully]
[2026-05-18 21:01:12,922: INFO: common: yaml file: params.yaml loaded successfully]
[2026-05-18 21:01:12,927: INFO: common: created directory at: artifacts]
[2026-05-18 21:01:12,933: ERROR: main: 'ConfigurationManager' object has no attribute 'get_data_ingestion_config']
Traceback (most recent call last):
  File "C:\DL Proj\kidney-disease-classification-deeplearning\main.py", line 12, in <module>
    obj.main()
  File "C:\DL Proj\kidney-disease-classification-deeplearning\src\cnnClasifier\pipeline\stage_01_data_ingestion.py", line 13, in main
    data_ingestion_config = config.get_data_ingestion_config()
AttributeError: 'ConfigurationManager' object has no attribute 'get_data_ingestion_config'
[2026-05-18 21:13:25,330: INFO: main: >>>>>> stage Data Ingestion stage started <<<<<<]
[2026-05-18 21:13:25,330: INFO: common: yaml file: config\config.yaml loaded successfully]
[2026-05-18 21:13:25,346: INFO: common: yaml file: params.yaml loaded successfully]
[2026-05-18 21:13:25,346: INFO: common: created directory at: artifacts]
[2026-05-18 21:13:25,350: INFO: common: created directory at: artifacts/data_ingestion]
[2026-05-18 21:13:25,353: INFO: data_ingestion: Downloading data from https://drive.google.com/file/d/1vlhZ5c7abUKF8xXERIw6m9Te8fW7ohw3/view?usp=sharing into file artifacts/data_ingestion/data.zip]
[2026-05-18 21:13:44,714: INFO: data_ingestion: Downloaded data from https://drive.google.com/file/d/1vlhZ5c7abUKF8xXERIw6m9Te8fW7ohw3/view?usp=sharing into file artifacts/data_ingestion/data.zip]
[2026-05-18 21:13:46,811: INFO: main: >>>>>> stage Data Ingestion stage completed <<<<<<

x==========x]
[2026-05-18 21:13:46,811: INFO: main: *******************]
[2026-05-18 21:13:46,811: INFO: main: >>>>>> stage Prepare base model started <<<<<<]
[2026-05-18 21:13:46,818: INFO: common: yaml file: config\config.yaml loaded successfully]
[2026-05-18 21:13:46,822: INFO: common: yaml file: params.yaml loaded successfully]
[2026-05-18 21:13:46,825: INFO: common: created directory at: artifacts]
[2026-05-18 21:13:46,827: INFO: common: created directory at: artifacts/prepare_base_model]
[2026-05-18 21:13:47,892: WARNING: saving_utils: Compiled the loaded model, but the compiled metrics have yet to be built. `model.compile_metrics` will be empty until you train or evaluate the model.]
[2026-05-18 21:13:48,491: INFO: main: >>>>>> stage Prepare base model completed <<<<<<

x==========x]
[2026-05-18 21:13:48,491: INFO: main: *******************]
[2026-05-18 21:13:48,491: INFO: main: >>>>>> stage Training started <<<<<<]
[2026-05-18 21:13:48,507: INFO: common: yaml file: config\config.yaml loaded successfully]
[2026-05-18 21:13:48,512: INFO: common: yaml file: params.yaml loaded successfully]
[2026-05-18 21:13:48,512: INFO: common: created directory at: artifacts]
[2026-05-18 21:13:48,512: INFO: common: created directory at: artifacts\training]
[2026-05-18 21:16:01,761: INFO: main: >>>>>> stage Training completed <<<<<<

x==========x]
[2026-05-19 11:56:42,539: INFO: main: >>>>>> stage Data Ingestion stage started <<<<<<]
[2026-05-19 11:56:42,567: INFO: common: yaml file: config\config.yaml loaded successfully]
[2026-05-19 11:56:42,586: INFO: common: yaml file: params.yaml loaded successfully]
[2026-05-19 11:56:42,586: INFO: common: created directory at: artifacts]
[2026-05-19 11:56:42,591: INFO: common: created directory at: artifacts/data_ingestion]
[2026-05-19 11:56:42,591: INFO: data_ingestion: Downloading data from https://drive.google.com/file/d/1vlhZ5c7abUKF8xXERIw6m9Te8fW7ohw3/view?usp=sharing into file artifacts/data_ingestion/data.zip]
[2026-05-19 11:56:58,669: INFO: data_ingestion: Downloaded data from https://drive.google.com/file/d/1vlhZ5c7abUKF8xXERIw6m9Te8fW7ohw3/view?usp=sharing into file artifacts/data_ingestion/data.zip]
[2026-05-19 11:57:00,311: INFO: main: >>>>>> stage Data Ingestion stage completed <<<<<<

x==========x]
[2026-05-19 11:57:00,313: INFO: main: *******************]
[2026-05-19 11:57:00,313: INFO: main: >>>>>> stage Prepare base model started <<<<<<]
[2026-05-19 11:57:00,317: INFO: common: yaml file: config\config.yaml loaded successfully]
[2026-05-19 11:57:00,323: INFO: common: yaml file: params.yaml loaded successfully]
[2026-05-19 11:57:00,325: INFO: common: created directory at: artifacts]
[2026-05-19 11:57:00,325: INFO: common: created directory at: artifacts/prepare_base_model]
[2026-05-19 11:57:01,464: WARNING: saving_utils: Compiled the loaded model, but the compiled metrics have yet to be built. `model.compile_metrics` will be empty until you train or evaluate the model.]
[2026-05-19 11:57:01,974: INFO: main: >>>>>> stage Prepare base model completed <<<<<<

x==========x]
[2026-05-19 11:57:01,974: INFO: main: *******************]
[2026-05-19 11:57:01,974: INFO: main: >>>>>> stage Training started <<<<<<]
[2026-05-19 11:57:01,979: INFO: common: yaml file: config\config.yaml loaded successfully]
[2026-05-19 11:57:01,983: INFO: common: yaml file: params.yaml loaded successfully]
[2026-05-19 11:57:01,987: INFO: common: created directory at: artifacts]
[2026-05-19 11:57:01,995: INFO: common: created directory at: artifacts\training]
[2026-05-19 11:59:03,175: INFO: main: >>>>>> stage Training completed <<<<<<

x==========x]
[2026-05-19 13:42:48,625: INFO: common: yaml file: config\config.yaml loaded successfully]
[2026-05-19 13:42:48,648: INFO: common: yaml file: params.yaml loaded successfully]
[2026-05-19 13:42:48,648: INFO: common: created directory at: artifacts]
[2026-05-19 13:43:29,643: INFO: common: json file saved at: scores.json]
[2026-05-19 13:43:33,944: WARNING: save: Found untraced functions such as _jit_compiled_convolution_op, _jit_compiled_convolution_op, _jit_compiled_convolution_op, _jit_compiled_convolution_op, _jit_compiled_convolution_op while saving (showing 5 of 14). These functions will not be directly callable after loading.]
[2026-05-19 13:43:35,462: INFO: builder_impl: Assets written to: C:\Users\PALLES~1\AppData\Local\Temp\tmpz8xe_do3\model\data\model\assets]
[2026-05-19 13:53:27,116: INFO: common: yaml file: config\config.yaml loaded successfully]
[2026-05-19 13:53:27,123: INFO: common: yaml file: params.yaml loaded successfully]
[2026-05-19 13:53:27,127: INFO: common: created directory at: artifacts]
[2026-05-19 13:54:08,983: INFO: common: json file saved at: scores.json]
[2026-05-19 13:54:12,410: WARNING: save: Found untraced functions such as _jit_compiled_convolution_op, _jit_compiled_convolution_op, _jit_compiled_convolution_op, _jit_compiled_convolution_op, _jit_compiled_convolution_op while saving (showing 5 of 14). These functions will not be directly callable after loading.]
[2026-05-19 13:54:13,799: INFO: builder_impl: Assets written to: C:\Users\PALLES~1\AppData\Local\Temp\tmpikuugvv3\model\data\model\assets]
[2026-05-19 13:54:38,873: INFO: dir_util: creating C:\DL Proj\kidney-disease-classification-deeplearning\mlruns\0\73de5865db2b4ac89fc6427bf0695e9d\artifacts\model\data]
[2026-05-19 13:54:38,886: INFO: dir_util: creating C:\DL Proj\kidney-disease-classification-deeplearning\mlruns\0\73de5865db2b4ac89fc6427bf0695e9d\artifacts\model\data\model]
[2026-05-19 13:54:38,891: INFO: dir_util: creating C:\DL Proj\kidney-disease-classification-deeplearning\mlruns\0\73de5865db2b4ac89fc6427bf0695e9d\artifacts\model\data\model\assets]
[2026-05-19 13:54:38,905: INFO: dir_util: creating C:\DL Proj\kidney-disease-classification-deeplearning\mlruns\0\73de5865db2b4ac89fc6427bf0695e9d\artifacts\model\data\model\variables]
[2026-05-19 14:52:44,673: INFO: common: yaml file: config\config.yaml loaded successfully]
[2026-05-19 14:52:44,691: INFO: common: yaml file: params.yaml loaded successfully]
[2026-05-19 14:52:44,698: INFO: common: created directory at: artifacts]
[2026-05-19 14:53:26,016: INFO: common: json file saved at: scores.json]
[2026-05-19 14:53:29,408: WARNING: save: Found untraced functions such as _jit_compiled_convolution_op, _jit_compiled_convolution_op, _jit_compiled_convolution_op, _jit_compiled_convolution_op, _jit_compiled_convolution_op while saving (showing 5 of 14). These functions will not be directly callable after loading.]
[2026-05-19 14:53:31,019: INFO: builder_impl: Assets written to: C:\Users\PALLES~1\AppData\Local\Temp\tmps2yjdydv\model\data\model\assets]
[2026-05-19 14:53:56,984: INFO: dir_util: creating C:\DL Proj\kidney-disease-classification-deeplearning\mlruns\0\6b24068e35904983b7cc2b3d690b2359\artifacts\model\data]
[2026-05-19 14:53:56,984: INFO: dir_util: creating C:\DL Proj\kidney-disease-classification-deeplearning\mlruns\0\6b24068e35904983b7cc2b3d690b2359\artifacts\model\data\model]
[2026-05-19 14:53:56,984: INFO: dir_util: creating C:\DL Proj\kidney-disease-classification-deeplearning\mlruns\0\6b24068e35904983b7cc2b3d690b2359\artifacts\model\data\model\assets]
[2026-05-19 14:53:57,005: INFO: dir_util: creating C:\DL Proj\kidney-disease-classification-deeplearning\mlruns\0\6b24068e35904983b7cc2b3d690b2359\artifacts\model\data\model\variables]
[2026-05-19 15:08:40,142: INFO: common: yaml file: config\config.yaml loaded successfully]
[2026-05-19 15:08:40,154: INFO: common: yaml file: params.yaml loaded successfully]
[2026-05-19 15:08:40,155: INFO: common: created directory at: artifacts]
[2026-05-19 15:09:19,976: INFO: common: json file saved at: scores.json]
[2026-05-19 15:09:26,336: WARNING: save: Found untraced functions such as _jit_compiled_convolution_op, _jit_compiled_convolution_op, _jit_compiled_convolution_op, _jit_compiled_convolution_op, _jit_compiled_convolution_op while saving (showing 5 of 14). These functions will not be directly callable after loading.]
[2026-05-19 15:09:27,640: INFO: builder_impl: Assets written to: C:\Users\PALLES~1\AppData\Local\Temp\tmpovu51qxt\model\data\model\assets]
[2026-05-19 15:28:44,049: INFO: common: yaml file: config\config.yaml loaded successfully]
[2026-05-19 15:28:44,068: INFO: common: yaml file: params.yaml loaded successfully]
[2026-05-19 15:28:44,076: INFO: common: created directory at: artifacts]
[2026-05-19 15:29:24,918: INFO: common: json file saved at: scores.json]
[2026-05-19 15:29:30,874: WARNING: save: Found untraced functions such as _jit_compiled_convolution_op, _jit_compiled_convolution_op, _jit_compiled_convolution_op, _jit_compiled_convolution_op, _jit_compiled_convolution_op while saving (showing 5 of 14). These functions will not be directly callable after loading.]
[2026-05-19 15:29:32,208: INFO: builder_impl: Assets written to: C:\Users\PALLES~1\AppData\Local\Temp\tmpue1zti1i\model\data\model\assets]
[2026-05-19 15:36:10,438: INFO: common: yaml file: config\config.yaml loaded successfully]
[2026-05-19 15:36:10,466: INFO: common: yaml file: params.yaml loaded successfully]
[2026-05-19 15:36:10,470: INFO: common: created directory at: artifacts]
[2026-05-19 15:36:49,308: INFO: common: json file saved at: scores.json]
[2026-05-19 15:36:55,366: WARNING: save: Found untraced functions such as _jit_compiled_convolution_op, _jit_compiled_convolution_op, _jit_compiled_convolution_op, _jit_compiled_convolution_op, _jit_compiled_convolution_op while saving (showing 5 of 14). These functions will not be directly callable after loading.]
[2026-05-19 15:36:56,892: INFO: builder_impl: Assets written to: C:\Users\PALLES~1\AppData\Local\Temp\tmpgd7c8oxc\model\data\model\assets]
[2026-05-19 15:41:09,997: INFO: common: yaml file: config\config.yaml loaded successfully]
[2026-05-19 15:41:10,024: INFO: common: yaml file: params.yaml loaded successfully]
[2026-05-19 15:41:10,031: INFO: common: created directory at: artifacts]
[2026-05-19 15:41:51,420: INFO: common: json file saved at: scores.json]
[2026-05-19 15:41:57,756: WARNING: save: Found untraced functions such as _jit_compiled_convolution_op, _jit_compiled_convolution_op, _jit_compiled_convolution_op, _jit_compiled_convolution_op, _jit_compiled_convolution_op while saving (showing 5 of 14). These functions will not be directly callable after loading.]
[2026-05-19 15:41:59,365: INFO: builder_impl: Assets written to: C:\Users\PALLES~1\AppData\Local\Temp\tmp7razqv2q\model\data\model\assets]
[2026-05-19 17:26:23,656: INFO: main: >>>>>> stage Data Ingestion stage started <<<<<<]
[2026-05-19 17:26:23,672: INFO: common: yaml file: config\config.yaml loaded successfully]
[2026-05-19 17:26:23,691: INFO: common: yaml file: params.yaml loaded successfully]
[2026-05-19 17:26:23,691: INFO: common: created directory at: artifacts]
[2026-05-19 17:26:23,691: INFO: common: created directory at: artifacts/data_ingestion]
[2026-05-19 17:26:23,700: INFO: data_ingestion: Downloading data from https://drive.google.com/file/d/1vlhZ5c7abUKF8xXERIw6m9Te8fW7ohw3/view?usp=sharing into file artifacts/data_ingestion/data.zip]
[2026-05-19 17:26:39,203: INFO: data_ingestion: Downloaded data from https://drive.google.com/file/d/1vlhZ5c7abUKF8xXERIw6m9Te8fW7ohw3/view?usp=sharing into file artifacts/data_ingestion/data.zip]
[2026-05-19 17:26:40,764: INFO: main: >>>>>> stage Data Ingestion stage completed <<<<<<

x==========x]
[2026-05-19 17:26:40,764: INFO: main: *******************]
[2026-05-19 17:26:40,764: INFO: main: >>>>>> stage Prepare base model started <<<<<<]
[2026-05-19 17:26:40,770: INFO: common: yaml file: config\config.yaml loaded successfully]
[2026-05-19 17:26:40,772: INFO: common: yaml file: params.yaml loaded successfully]
[2026-05-19 17:26:40,776: INFO: common: created directory at: artifacts]
[2026-05-19 17:26:40,778: INFO: common: created directory at: artifacts/prepare_base_model]
[2026-05-19 17:26:41,860: WARNING: saving_utils: Compiled the loaded model, but the compiled metrics have yet to be built. `model.compile_metrics` will be empty until you train or evaluate the model.]
[2026-05-19 17:26:42,367: INFO: main: >>>>>> stage Prepare base model completed <<<<<<

x==========x]
[2026-05-19 17:26:42,367: INFO: main: *******************]
[2026-05-19 17:26:42,367: INFO: main: >>>>>> stage Training started <<<<<<]
[2026-05-19 17:26:42,370: INFO: common: yaml file: config\config.yaml loaded successfully]
[2026-05-19 17:26:42,378: INFO: common: yaml file: params.yaml loaded successfully]
[2026-05-19 17:26:42,379: INFO: common: created directory at: artifacts]
[2026-05-19 17:26:42,380: INFO: common: created directory at: artifacts\training]
[2026-05-19 17:28:45,351: INFO: main: >>>>>> stage Training completed <<<<<<

x==========x]
[2026-05-19 17:28:45,351: INFO: main: *******************]
[2026-05-19 17:28:45,351: INFO: main: >>>>>> stage Evaluation stage started <<<<<<]
[2026-05-19 17:28:45,367: INFO: common: yaml file: config\config.yaml loaded successfully]
[2026-05-19 17:28:45,375: INFO: common: yaml file: params.yaml loaded successfully]
[2026-05-19 17:28:45,376: INFO: common: created directory at: artifacts]
[2026-05-19 17:29:23,872: INFO: common: json file saved at: scores.json]
[2026-05-19 17:29:23,872: INFO: common: json file saved at: scores.json]
[2026-05-19 17:29:23,877: INFO: main: >>>>>> stage Evaluation stage completed <<<<<<

x==========x]
[2026-05-19 17:43:02,181: INFO: main: >>>>>> stage Data Ingestion stage started <<<<<<]
[2026-05-19 17:43:02,196: INFO: common: yaml file: config\config.yaml loaded successfully]
[2026-05-19 17:43:02,200: INFO: common: yaml file: params.yaml loaded successfully]
[2026-05-19 17:43:02,202: INFO: common: created directory at: artifacts]
[2026-05-19 17:43:02,202: INFO: common: created directory at: artifacts/data_ingestion]
[2026-05-19 17:43:02,205: INFO: data_ingestion: Downloading data from https://drive.google.com/file/d/1vlhZ5c7abUKF8xXERIw6m9Te8fW7ohw3/view?usp=sharing into file artifacts/data_ingestion/data.zip]
[2026-05-19 17:43:17,092: INFO: data_ingestion: Downloaded data from https://drive.google.com/file/d/1vlhZ5c7abUKF8xXERIw6m9Te8fW7ohw3/view?usp=sharing into file artifacts/data_ingestion/data.zip]
[2026-05-19 17:43:18,488: INFO: main: >>>>>> stage Data Ingestion stage completed <<<<<<

x==========x]
[2026-05-19 17:43:18,488: INFO: main: *******************]
[2026-05-19 17:43:18,488: INFO: main: >>>>>> stage Prepare base model started <<<<<<]
[2026-05-19 17:43:18,501: INFO: common: yaml file: config\config.yaml loaded successfully]
[2026-05-19 17:43:18,507: INFO: common: yaml file: params.yaml loaded successfully]
[2026-05-19 17:43:18,509: INFO: common: created directory at: artifacts]
[2026-05-19 17:43:18,509: INFO: common: created directory at: artifacts/prepare_base_model]
[2026-05-19 17:43:19,592: WARNING: saving_utils: Compiled the loaded model, but the compiled metrics have yet to be built. `model.compile_metrics` will be empty until you train or evaluate the model.]
[2026-05-19 17:43:20,129: INFO: main: >>>>>> stage Prepare base model completed <<<<<<

x==========x]
[2026-05-19 17:43:20,131: INFO: main: *******************]
[2026-05-19 17:43:20,131: INFO: main: >>>>>> stage Training started <<<<<<]
[2026-05-19 17:43:20,137: INFO: common: yaml file: config\config.yaml loaded successfully]
[2026-05-19 17:43:20,199: INFO: common: yaml file: params.yaml loaded successfully]
[2026-05-19 17:43:20,213: INFO: common: created directory at: artifacts]
[2026-05-19 17:43:20,231: INFO: common: created directory at: artifacts\training]
[2026-05-19 17:45:21,497: INFO: main: >>>>>> stage Training completed <<<<<<

x==========x]
[2026-05-19 17:45:21,497: INFO: main: *******************]
[2026-05-19 17:45:21,497: INFO: main: >>>>>> stage Evaluation stage started <<<<<<]
[2026-05-19 17:45:21,503: INFO: common: yaml file: config\config.yaml loaded successfully]
[2026-05-19 17:45:21,503: INFO: common: yaml file: params.yaml loaded successfully]
[2026-05-19 17:45:21,509: INFO: common: created directory at: artifacts]
[2026-05-19 17:46:00,641: INFO: common: json file saved at: scores.json]
[2026-05-19 17:46:00,641: INFO: common: json file saved at: scores.json]
[2026-05-19 17:46:00,641: INFO: main: >>>>>> stage Evaluation stage completed <<<<<<

x==========x]
[2026-05-19 17:51:14,861: INFO: main: >>>>>> stage Data Ingestion stage started <<<<<<]
[2026-05-19 17:51:14,861: INFO: common: yaml file: config\config.yaml loaded successfully]
[2026-05-19 17:51:14,878: INFO: common: yaml file: params.yaml loaded successfully]
[2026-05-19 17:51:14,878: INFO: common: created directory at: artifacts]
[2026-05-19 17:51:14,880: INFO: common: created directory at: artifacts/data_ingestion]
[2026-05-19 17:51:14,880: INFO: data_ingestion: Downloading data from https://drive.google.com/file/d/1vlhZ5c7abUKF8xXERIw6m9Te8fW7ohw3/view?usp=sharing into file artifacts/data_ingestion/data.zip]
[2026-05-19 17:51:29,907: INFO: data_ingestion: Downloaded data from https://drive.google.com/file/d/1vlhZ5c7abUKF8xXERIw6m9Te8fW7ohw3/view?usp=sharing into file artifacts/data_ingestion/data.zip]
[2026-05-19 17:51:31,281: INFO: main: >>>>>> stage Data Ingestion stage completed <<<<<<

x==========x]
[2026-05-19 17:51:31,281: INFO: main: *******************]
[2026-05-19 17:51:31,283: INFO: main: >>>>>> stage Prepare base model started <<<<<<]
[2026-05-19 17:51:31,289: INFO: common: yaml file: config\config.yaml loaded successfully]
[2026-05-19 17:51:31,291: INFO: common: yaml file: params.yaml loaded successfully]
[2026-05-19 17:51:31,295: INFO: common: created directory at: artifacts]
[2026-05-19 17:51:31,295: INFO: common: created directory at: artifacts/prepare_base_model]
[2026-05-19 17:51:32,317: WARNING: saving_utils: Compiled the loaded model, but the compiled metrics have yet to be built. `model.compile_metrics` will be empty until you train or evaluate the model.]
[2026-05-19 17:51:32,766: INFO: main: >>>>>> stage Prepare base model completed <<<<<<

x==========x]
[2026-05-19 17:51:32,766: INFO: main: *******************]
[2026-05-19 17:51:32,766: INFO: main: >>>>>> stage Training started <<<<<<]
[2026-05-19 17:51:32,766: INFO: common: yaml file: config\config.yaml loaded successfully]
[2026-05-19 17:51:32,774: INFO: common: yaml file: params.yaml loaded successfully]
[2026-05-19 17:51:32,777: INFO: common: created directory at: artifacts]
[2026-05-19 17:51:32,779: INFO: common: created directory at: artifacts\training]
[2026-05-19 17:53:34,800: INFO: main: >>>>>> stage Training completed <<<<<<

x==========x]
[2026-05-19 17:53:34,800: INFO: main: *******************]
[2026-05-19 17:53:34,800: INFO: main: >>>>>> stage Evaluation stage started <<<<<<]
[2026-05-19 17:53:34,803: INFO: common: yaml file: config\config.yaml loaded successfully]
[2026-05-19 17:53:34,808: INFO: common: yaml file: params.yaml loaded successfully]
[2026-05-19 17:53:34,812: INFO: common: created directory at: artifacts]
[2026-05-19 17:54:13,433: INFO: common: json file saved at: scores.json]
[2026-05-19 17:54:13,433: INFO: common: json file saved at: scores.json]
[2026-05-19 17:54:13,439: INFO: main: >>>>>> stage Evaluation stage completed <<<<<<

x==========x]
[2026-05-19 18:04:27,042: INFO: main: >>>>>> stage Data Ingestion stage started <<<<<<]
[2026-05-19 18:04:27,046: INFO: common: yaml file: config\config.yaml loaded successfully]
[2026-05-19 18:04:27,054: INFO: common: yaml file: params.yaml loaded successfully]
[2026-05-19 18:04:27,055: INFO: common: created directory at: artifacts]
[2026-05-19 18:04:27,055: INFO: common: created directory at: artifacts/data_ingestion]
[2026-05-19 18:04:27,055: INFO: data_ingestion: Downloading data from https://drive.google.com/file/d/1vlhZ5c7abUKF8xXERIw6m9Te8fW7ohw3/view?usp=sharing into file artifacts/data_ingestion/data.zip]
[2026-05-19 18:04:41,787: INFO: data_ingestion: Downloaded data from https://drive.google.com/file/d/1vlhZ5c7abUKF8xXERIw6m9Te8fW7ohw3/view?usp=sharing into file artifacts/data_ingestion/data.zip]
[2026-05-19 18:04:43,087: INFO: main: >>>>>> stage Data Ingestion stage completed <<<<<<

x==========x]
[2026-05-19 18:04:43,087: INFO: main: *******************]
[2026-05-19 18:04:43,087: INFO: main: >>>>>> stage Prepare base model started <<<<<<]
[2026-05-19 18:04:43,087: INFO: common: yaml file: config\config.yaml loaded successfully]
[2026-05-19 18:04:43,103: INFO: common: yaml file: params.yaml loaded successfully]
[2026-05-19 18:04:43,106: INFO: common: created directory at: artifacts]
[2026-05-19 18:04:43,106: INFO: common: created directory at: artifacts/prepare_base_model]
[2026-05-19 18:04:44,089: WARNING: saving_utils: Compiled the loaded model, but the compiled metrics have yet to be built. `model.compile_metrics` will be empty until you train or evaluate the model.]
[2026-05-19 18:04:44,519: INFO: main: >>>>>> stage Prepare base model completed <<<<<<

x==========x]
[2026-05-19 18:04:44,519: INFO: main: *******************]
[2026-05-19 18:04:44,519: INFO: main: >>>>>> stage Training started <<<<<<]
[2026-05-19 18:04:44,519: INFO: common: yaml file: config\config.yaml loaded successfully]
[2026-05-19 18:04:44,534: INFO: common: yaml file: params.yaml loaded successfully]
[2026-05-19 18:04:44,538: INFO: common: created directory at: artifacts]
[2026-05-19 18:04:44,540: INFO: common: created directory at: artifacts\training]
[2026-05-19 18:06:45,223: INFO: main: >>>>>> stage Training completed <<<<<<

x==========x]
[2026-05-19 18:06:45,223: INFO: main: *******************]
[2026-05-19 18:06:45,223: INFO: main: >>>>>> stage Evaluation stage started <<<<<<]
[2026-05-19 18:06:45,229: INFO: common: yaml file: config\config.yaml loaded successfully]
[2026-05-19 18:06:45,232: INFO: common: yaml file: params.yaml loaded successfully]
[2026-05-19 18:06:45,232: INFO: common: created directory at: artifacts]
[2026-05-19 18:07:24,175: INFO: common: json file saved at: scores.json]
[2026-05-19 18:07:24,175: INFO: common: json file saved at: scores.json]
[2026-05-19 18:07:24,190: INFO: main: >>>>>> stage Evaluation stage completed <<<<<<

x==========x]
[2026-05-19 18:16:35,124: INFO: main: >>>>>> stage Data Ingestion stage started <<<<<<]
[2026-05-19 18:16:35,129: INFO: common: yaml file: config\config.yaml loaded successfully]
[2026-05-19 18:16:35,137: INFO: common: yaml file: params.yaml loaded successfully]
[2026-05-19 18:16:35,137: INFO: common: created directory at: artifacts]
[2026-05-19 18:16:35,142: INFO: common: created directory at: artifacts/data_ingestion]
[2026-05-19 18:16:35,142: INFO: data_ingestion: Downloading data from https://drive.google.com/file/d/1vlhZ5c7abUKF8xXERIw6m9Te8fW7ohw3/view?usp=sharing into file artifacts/data_ingestion/data.zip]
[2026-05-19 18:16:49,627: INFO: data_ingestion: Downloaded data from https://drive.google.com/file/d/1vlhZ5c7abUKF8xXERIw6m9Te8fW7ohw3/view?usp=sharing into file artifacts/data_ingestion/data.zip]
[2026-05-19 18:16:50,999: INFO: main: >>>>>> stage Data Ingestion stage completed <<<<<<

x==========x]
[2026-05-19 18:16:50,999: INFO: main: *******************]
[2026-05-19 18:16:50,999: INFO: main: >>>>>> stage Prepare base model started <<<<<<]
[2026-05-19 18:16:51,013: INFO: common: yaml file: config\config.yaml loaded successfully]
[2026-05-19 18:16:51,018: INFO: common: yaml file: params.yaml loaded successfully]
[2026-05-19 18:16:51,020: INFO: common: created directory at: artifacts]
[2026-05-19 18:16:51,020: INFO: common: created directory at: artifacts/prepare_base_model]
[2026-05-19 18:16:52,057: WARNING: saving_utils: Compiled the loaded model, but the compiled metrics have yet to be built. `model.compile_metrics` will be empty until you train or evaluate the model.]
[2026-05-19 18:16:52,716: INFO: main: >>>>>> stage Prepare base model completed <<<<<<

x==========x]
[2026-05-19 18:16:52,716: INFO: main: *******************]
[2026-05-19 18:16:52,716: INFO: main: >>>>>> stage Training started <<<<<<]
[2026-05-19 18:16:52,716: INFO: common: yaml file: config\config.yaml loaded successfully]
[2026-05-19 18:16:52,732: INFO: common: yaml file: params.yaml loaded successfully]
[2026-05-19 18:16:52,734: INFO: common: created directory at: artifacts]
[2026-05-19 18:16:52,734: INFO: common: created directory at: artifacts\training]
[2026-05-19 18:18:54,818: INFO: main: >>>>>> stage Training completed <<<<<<

x==========x]
[2026-05-19 18:18:54,818: INFO: main: *******************]
[2026-05-19 18:18:54,818: INFO: main: >>>>>> stage Evaluation stage started <<<<<<]
[2026-05-19 18:18:54,821: INFO: common: yaml file: config\config.yaml loaded successfully]
[2026-05-19 18:18:54,826: INFO: common: yaml file: params.yaml loaded successfully]
[2026-05-19 18:18:54,826: INFO: common: created directory at: artifacts]
[2026-05-19 18:19:41,840: INFO: common: json file saved at: scores.json]
[2026-05-19 18:19:41,842: INFO: common: json file saved at: scores.json]
[2026-05-19 18:19:41,843: INFO: main: >>>>>> stage Evaluation stage completed <<<<<<

x==========x]
[2026-05-19 21:02:55,065: INFO: main: >>>>>> stage Data Ingestion stage started <<<<<<]
[2026-05-19 21:02:55,070: INFO: common: yaml file: config\config.yaml loaded successfully]
[2026-05-19 21:02:55,077: INFO: common: yaml file: params.yaml loaded successfully]
[2026-05-19 21:02:55,078: INFO: common: created directory at: artifacts]
[2026-05-19 21:02:55,080: INFO: common: created directory at: artifacts/data_ingestion]
[2026-05-19 21:02:55,081: INFO: data_ingestion: Downloading data from https://drive.google.com/file/d/1vlhZ5c7abUKF8xXERIw6m9Te8fW7ohw3/view?usp=sharing into file artifacts/data_ingestion/data.zip]
[2026-05-19 21:03:12,311: INFO: data_ingestion: Downloaded data from https://drive.google.com/file/d/1vlhZ5c7abUKF8xXERIw6m9Te8fW7ohw3/view?usp=sharing into file artifacts/data_ingestion/data.zip]
[2026-05-19 21:03:13,588: INFO: main: >>>>>> stage Data Ingestion stage completed <<<<<<

x==========x]
[2026-05-19 21:03:13,590: INFO: main: *******************]
[2026-05-19 21:03:13,590: INFO: main: >>>>>> stage Prepare base model started <<<<<<]
[2026-05-19 21:03:13,596: INFO: common: yaml file: config\config.yaml loaded successfully]
[2026-05-19 21:03:13,601: INFO: common: yaml file: params.yaml loaded successfully]
[2026-05-19 21:03:13,604: INFO: common: created directory at: artifacts]
[2026-05-19 21:03:13,605: INFO: common: created directory at: artifacts/prepare_base_model]
[2026-05-19 21:03:15,024: WARNING: saving_utils: Compiled the loaded model, but the compiled metrics have yet to be built. `model.compile_metrics` will be empty until you train or evaluate the model.]
[2026-05-19 21:03:15,530: INFO: main: >>>>>> stage Prepare base model completed <<<<<<

x==========x]
[2026-05-19 21:03:15,530: INFO: main: *******************]
[2026-05-19 21:03:15,531: INFO: main: >>>>>> stage Training started <<<<<<]
[2026-05-19 21:03:15,537: INFO: common: yaml file: config\config.yaml loaded successfully]
[2026-05-19 21:03:15,543: INFO: common: yaml file: params.yaml loaded successfully]
[2026-05-19 21:03:15,544: INFO: common: created directory at: artifacts]
[2026-05-19 21:03:15,545: INFO: common: created directory at: artifacts\training]
[2026-05-19 21:05:15,329: INFO: main: >>>>>> stage Training completed <<<<<<

x==========x]
[2026-05-19 21:05:15,329: INFO: main: *******************]
[2026-05-19 21:05:15,329: INFO: main: >>>>>> stage Evaluation stage started <<<<<<]
[2026-05-19 21:05:15,340: INFO: common: yaml file: config\config.yaml loaded successfully]
[2026-05-19 21:05:15,346: INFO: common: yaml file: params.yaml loaded successfully]
[2026-05-19 21:05:15,348: INFO: common: created directory at: artifacts]
[2026-05-19 21:05:53,096: INFO: common: json file saved at: scores.json]
[2026-05-19 21:05:53,098: INFO: common: json file saved at: scores.json]
[2026-05-19 21:05:53,099: INFO: main: >>>>>> stage Evaluation stage completed <<<<<<

x==========x]
[2026-05-19 21:38:34,152: INFO: main: >>>>>> stage Data Ingestion stage started <<<<<<]
[2026-05-19 21:38:34,168: INFO: common: yaml file: config\config.yaml loaded successfully]
[2026-05-19 21:38:34,174: INFO: common: yaml file: params.yaml loaded successfully]
[2026-05-19 21:38:34,175: INFO: common: created directory at: artifacts]
[2026-05-19 21:38:34,175: INFO: common: created directory at: artifacts/data_ingestion]
[2026-05-19 21:38:34,175: INFO: data_ingestion: Downloading data from https://drive.google.com/file/d/1vlhZ5c7abUKF8xXERIw6m9Te8fW7ohw3/view?usp=sharing into file artifacts/data_ingestion/data.zip]
[2026-05-19 21:38:53,172: INFO: data_ingestion: Downloaded data from https://drive.google.com/file/d/1vlhZ5c7abUKF8xXERIw6m9Te8fW7ohw3/view?usp=sharing into file artifacts/data_ingestion/data.zip]
[2026-05-19 21:38:54,501: INFO: main: >>>>>> stage Data Ingestion stage completed <<<<<<

x==========x]
[2026-05-19 21:38:54,516: INFO: main: *******************]
[2026-05-19 21:38:54,516: INFO: main: >>>>>> stage Prepare base model started <<<<<<]
[2026-05-19 21:38:54,521: INFO: common: yaml file: config\config.yaml loaded successfully]
[2026-05-19 21:38:54,525: INFO: common: yaml file: params.yaml loaded successfully]
[2026-05-19 21:38:54,526: INFO: common: created directory at: artifacts]
[2026-05-19 21:38:54,528: INFO: common: created directory at: artifacts/prepare_base_model]
[2026-05-19 21:38:55,774: WARNING: saving_utils: Compiled the loaded model, but the compiled metrics have yet to be built. `model.compile_metrics` will be empty until you train or evaluate the model.]
[2026-05-19 21:38:56,345: INFO: main: >>>>>> stage Prepare base model completed <<<<<<

x==========x]
[2026-05-19 21:38:56,345: INFO: main: *******************]
[2026-05-19 21:38:56,345: INFO: main: >>>>>> stage Training started <<<<<<]
[2026-05-19 21:38:56,345: INFO: common: yaml file: config\config.yaml loaded successfully]
[2026-05-19 21:38:56,358: INFO: common: yaml file: params.yaml loaded successfully]
[2026-05-19 21:38:56,359: INFO: common: created directory at: artifacts]
[2026-05-19 21:38:56,359: INFO: common: created directory at: artifacts\training]
[2026-05-19 21:40:55,472: INFO: main: >>>>>> stage Training completed <<<<<<

x==========x]
[2026-05-19 21:40:55,472: INFO: main: *******************]
[2026-05-19 21:40:55,472: INFO: main: >>>>>> stage Evaluation stage started <<<<<<]
[2026-05-19 21:40:55,482: INFO: common: yaml file: config\config.yaml loaded successfully]
[2026-05-19 21:40:55,488: INFO: common: yaml file: params.yaml loaded successfully]
[2026-05-19 21:40:55,489: INFO: common: created directory at: artifacts]
[2026-05-19 21:41:33,646: INFO: common: json file saved at: scores.json]
[2026-05-19 21:41:33,648: INFO: common: json file saved at: scores.json]
[2026-05-19 21:41:38,962: WARNING: save: Found untraced functions such as _jit_compiled_convolution_op, _jit_compiled_convolution_op, _jit_compiled_convolution_op, _jit_compiled_convolution_op, _jit_compiled_convolution_op while saving (showing 5 of 14). These functions will not be directly callable after loading.]
[2026-05-19 21:41:40,237: INFO: builder_impl: Assets written to: C:\Users\PALLES~1\AppData\Local\Temp\tmpc2gju5_l\model\data\model\assets]
[2026-05-19 21:43:03,205: INFO: main: >>>>>> stage Evaluation stage completed <<<<<<

x==========x]
[2026-05-19 21:45:33,555: INFO: main: >>>>>> stage Data Ingestion stage started <<<<<<]
[2026-05-19 21:45:33,571: INFO: common: yaml file: config\config.yaml loaded successfully]
[2026-05-19 21:45:33,591: INFO: common: yaml file: params.yaml loaded successfully]
[2026-05-19 21:45:33,591: INFO: common: created directory at: artifacts]
[2026-05-19 21:45:33,594: INFO: common: created directory at: artifacts/data_ingestion]
[2026-05-19 21:45:33,595: INFO: data_ingestion: Downloading data from https://drive.google.com/file/d/1vlhZ5c7abUKF8xXERIw6m9Te8fW7ohw3/view?usp=sharing into file artifacts/data_ingestion/data.zip]
[2026-05-19 21:45:49,070: INFO: data_ingestion: Downloaded data from https://drive.google.com/file/d/1vlhZ5c7abUKF8xXERIw6m9Te8fW7ohw3/view?usp=sharing into file artifacts/data_ingestion/data.zip]
[2026-05-19 21:45:50,428: INFO: main: >>>>>> stage Data Ingestion stage completed <<<<<<

x==========x]
[2026-05-19 21:45:50,428: INFO: main: *******************]
[2026-05-19 21:45:50,428: INFO: main: >>>>>> stage Prepare base model started <<<<<<]
[2026-05-19 21:45:50,442: INFO: common: yaml file: config\config.yaml loaded successfully]
[2026-05-19 21:45:50,449: INFO: common: yaml file: params.yaml loaded successfully]
[2026-05-19 21:45:50,451: INFO: common: created directory at: artifacts]
[2026-05-19 21:45:50,451: INFO: common: created directory at: artifacts/prepare_base_model]
[2026-05-19 21:45:51,477: WARNING: saving_utils: Compiled the loaded model, but the compiled metrics have yet to be built. `model.compile_metrics` will be empty until you train or evaluate the model.]
[2026-05-19 21:45:52,025: INFO: main: >>>>>> stage Prepare base model completed <<<<<<

x==========x]
[2026-05-19 21:45:52,025: INFO: main: *******************]
[2026-05-19 21:45:52,028: INFO: main: >>>>>> stage Training started <<<<<<]
[2026-05-19 21:45:52,033: INFO: common: yaml file: config\config.yaml loaded successfully]
[2026-05-19 21:45:52,038: INFO: common: yaml file: params.yaml loaded successfully]
[2026-05-19 21:45:52,040: INFO: common: created directory at: artifacts]
[2026-05-19 21:45:52,041: INFO: common: created directory at: artifacts\training]
[2026-05-19 21:49:46,100: INFO: main: >>>>>> stage Training completed <<<<<<

x==========x]
[2026-05-19 21:49:46,100: INFO: main: *******************]
[2026-05-19 21:49:46,100: INFO: main: >>>>>> stage Evaluation stage started <<<<<<]
[2026-05-19 21:49:46,100: INFO: common: yaml file: config\config.yaml loaded successfully]
[2026-05-19 21:49:46,109: INFO: common: yaml file: params.yaml loaded successfully]
[2026-05-19 21:49:46,109: INFO: common: created directory at: artifacts]
[2026-05-19 21:50:23,808: INFO: common: json file saved at: scores.json]
[2026-05-19 21:50:23,808: INFO: common: json file saved at: scores.json]
[2026-05-19 21:50:29,166: WARNING: save: Found untraced functions such as _jit_compiled_convolution_op, _jit_compiled_convolution_op, _jit_compiled_convolution_op, _jit_compiled_convolution_op, _jit_compiled_convolution_op while saving (showing 5 of 14). These functions will not be directly callable after loading.]
[2026-05-19 21:50:30,451: INFO: builder_impl: Assets written to: C:\Users\PALLES~1\AppData\Local\Temp\tmplq4vx0cq\model\data\model\assets]
[2026-05-19 21:51:45,088: INFO: main: >>>>>> stage Evaluation stage completed <<<<<<

x==========x]
[2026-05-19 21:54:33,317: INFO: main: >>>>>> stage Data Ingestion stage started <<<<<<]
[2026-05-19 21:54:33,325: INFO: common: yaml file: config\config.yaml loaded successfully]
[2026-05-19 21:54:33,348: INFO: common: yaml file: params.yaml loaded successfully]
[2026-05-19 21:54:33,348: INFO: common: created directory at: artifacts]
[2026-05-19 21:54:33,348: INFO: common: created directory at: artifacts/data_ingestion]
[2026-05-19 21:54:33,348: INFO: data_ingestion: Downloading data from https://drive.google.com/file/d/1vlhZ5c7abUKF8xXERIw6m9Te8fW7ohw3/view?usp=sharing into file artifacts/data_ingestion/data.zip]
[2026-05-19 21:54:49,477: INFO: data_ingestion: Downloaded data from https://drive.google.com/file/d/1vlhZ5c7abUKF8xXERIw6m9Te8fW7ohw3/view?usp=sharing into file artifacts/data_ingestion/data.zip]
[2026-05-19 21:54:50,828: INFO: main: >>>>>> stage Data Ingestion stage completed <<<<<<

x==========x]
[2026-05-19 21:54:50,828: INFO: main: *******************]
[2026-05-19 21:54:50,828: INFO: main: >>>>>> stage Prepare base model started <<<<<<]
[2026-05-19 21:54:50,828: INFO: common: yaml file: config\config.yaml loaded successfully]
[2026-05-19 21:54:50,839: INFO: common: yaml file: params.yaml loaded successfully]
[2026-05-19 21:54:50,839: INFO: common: created directory at: artifacts]
[2026-05-19 21:54:50,839: INFO: common: created directory at: artifacts/prepare_base_model]
[2026-05-19 21:54:51,827: WARNING: saving_utils: Compiled the loaded model, but the compiled metrics have yet to be built. `model.compile_metrics` will be empty until you train or evaluate the model.]
[2026-05-19 21:54:52,272: INFO: main: >>>>>> stage Prepare base model completed <<<<<<

x==========x]
[2026-05-19 21:54:52,274: INFO: main: *******************]
[2026-05-19 21:54:52,274: INFO: main: >>>>>> stage Training started <<<<<<]
[2026-05-19 21:54:52,274: INFO: common: yaml file: config\config.yaml loaded successfully]
[2026-05-19 21:54:52,284: INFO: common: yaml file: params.yaml loaded successfully]
[2026-05-19 21:54:52,284: INFO: common: created directory at: artifacts]
[2026-05-19 21:54:52,284: INFO: common: created directory at: artifacts\training]
[2026-05-19 22:00:40,981: INFO: main: >>>>>> stage Training completed <<<<<<

x==========x]
[2026-05-19 22:00:40,981: INFO: main: *******************]
[2026-05-19 22:00:40,981: INFO: main: >>>>>> stage Evaluation stage started <<<<<<]
[2026-05-19 22:00:40,995: INFO: common: yaml file: config\config.yaml loaded successfully]
[2026-05-19 22:00:41,001: INFO: common: yaml file: params.yaml loaded successfully]
[2026-05-19 22:00:41,001: INFO: common: created directory at: artifacts]
[2026-05-19 22:01:18,731: INFO: common: json file saved at: scores.json]
[2026-05-19 22:01:18,739: INFO: common: json file saved at: scores.json]
[2026-05-19 22:01:24,076: WARNING: save: Found untraced functions such as _jit_compiled_convolution_op, _jit_compiled_convolution_op, _jit_compiled_convolution_op, _jit_compiled_convolution_op, _jit_compiled_convolution_op while saving (showing 5 of 14). These functions will not be directly callable after loading.]
[2026-05-19 22:01:25,291: INFO: builder_impl: Assets written to: C:\Users\PALLES~1\AppData\Local\Temp\tmpl67bue6g\model\data\model\assets]
[2026-05-19 22:02:42,174: INFO: main: >>>>>> stage Evaluation stage completed <<<<<<

x==========x]
